{"C:\\Users\\Support\\source\\repos\\notification-api\\src\\index.ts": {"path":"C:\\Users\\Support\\source\\repos\\notification-api\\src\\index.ts","statementMap":{"0":{"start":{"line":1,"column":0},"end":{"line":1,"column":30}},"1":{"start":{"line":2,"column":0},"end":{"line":2,"column":69}},"2":{"start":{"line":3,"column":0},"end":{"line":3,"column":37}},"3":{"start":{"line":4,"column":0},"end":{"line":4,"column":53}},"4":{"start":{"line":6,"column":0},"end":{"line":6,"column":39}},"5":{"start":{"line":7,"column":0},"end":{"line":7,"column":43}},"6":{"start":{"line":8,"column":0},"end":{"line":8,"column":44}},"7":{"start":{"line":9,"column":0},"end":{"line":9,"column":36}},"8":{"start":{"line":10,"column":0},"end":{"line":10,"column":35}},"9":{"start":{"line":11,"column":0},"end":{"line":11,"column":24}},"10":{"start":{"line":14,"column":13},"end":{"line":14,"column":29}},"11":{"start":{"line":15,"column":0},"end":{"line":15,"column":null}},"12":{"start":{"line":17,"column":15},"end":{"line":17,"column":32}},"13":{"start":{"line":21,"column":0},"end":{"line":21,"column":44}},"14":{"start":{"line":22,"column":0},"end":{"line":22,"column":28}},"15":{"start":{"line":23,"column":0},"end":{"line":23,"column":16}},"16":{"start":{"line":26,"column":2},"end":{"line":26,"column":27}},"17":{"start":{"line":29,"column":0},"end":{"line":29,"column":12}},"18":{"start":{"line":31,"column":13},"end":{"line":35,"column":3}},"19":{"start":{"line":53,"column":0},"end":{"line":59,"column":null}},"20":{"start":{"line":54,"column":4},"end":{"line":54,"column":51}},"21":{"start":{"line":61,"column":0},"end":{"line":61,"column":67}},"22":{"start":{"line":63,"column":13},"end":{"line":63,"column":17}},"23":{"start":{"line":64,"column":0},"end":{"line":66,"column":3}},"24":{"start":{"line":65,"column":2},"end":{"line":65,"column":51}},"25":{"start":{"line":67,"column":0},"end":{"line":67,"column":16}}},"fnMap":{"0":{"name":"connectDb","decl":{"start":{"line":25,"column":15},"end":{"line":25,"column":24}},"loc":{"start":{"line":25,"column":24},"end":{"line":27,"column":null}}},"1":{"name":"(anonymous_10)","decl":{"start":{"line":53,"column":20},"end":{"line":53,"column":21}},"loc":{"start":{"line":53,"column":31},"end":{"line":59,"column":3}}},"2":{"name":"(anonymous_11)","decl":{"start":{"line":64,"column":17},"end":{"line":64,"column":20}},"loc":{"start":{"line":64,"column":22},"end":{"line":66,"column":1}}}},"branchMap":{},"s":{"0":1,"1":1,"2":1,"3":1,"4":1,"5":1,"6":1,"7":1,"8":1,"9":1,"10":1,"11":1,"12":1,"13":1,"14":1,"15":1,"16":1,"17":1,"18":1,"19":1,"20":0,"21":1,"22":1,"23":1,"24":1,"25":1},"f":{"0":1,"1":0,"2":1},"b":{}}
,"C:\\Users\\Support\\source\\repos\\notification-api\\src\\controllers\\announcementController.ts": {"path":"C:\\Users\\Support\\source\\repos\\notification-api\\src\\controllers\\announcementController.ts","statementMap":{"0":{"start":{"line":2,"column":0},"end":{"line":2,"column":70}},"1":{"start":{"line":36,"column":9},"end":{"line":39,"column":null}},"2":{"start":{"line":37,"column":28},"end":{"line":37,"column":81}},"3":{"start":{"line":38,"column":4},"end":{"line":38,"column":42}},"4":{"start":{"line":14,"column":4},"end":{"line":14,"column":57}},"5":{"start":{"line":10,"column":0},"end":{"line":10,"column":13}}},"fnMap":{"0":{"name":"(anonymous_0)","decl":{"start":{"line":13,"column":2},"end":{"line":13,"column":null}},"loc":{"start":{"line":13,"column":2},"end":{"line":15,"column":3}}},"1":{"name":"(anonymous_1)","decl":{"start":{"line":36,"column":30},"end":{"line":36,"column":31}},"loc":{"start":{"line":36,"column":62},"end":{"line":39,"column":3}}}},"branchMap":{},"s":{"0":1,"1":1,"2":0,"3":0,"4":1,"5":1},"f":{"0":1,"1":0},"b":{}}
,"C:\\Users\\Support\\source\\repos\\notification-api\\src\\controllers\\userController.ts": {"path":"C:\\Users\\Support\\source\\repos\\notification-api\\src\\controllers\\userController.ts","statementMap":{"0":{"start":{"line":2,"column":0},"end":{"line":2,"column":54}},"1":{"start":{"line":38,"column":9},"end":{"line":46,"column":null}},"2":{"start":{"line":39,"column":17},"end":{"line":39,"column":51}},"3":{"start":{"line":41,"column":38},"end":{"line":44,"column":8}},"4":{"start":{"line":45,"column":4},"end":{"line":45,"column":34}},"5":{"start":{"line":58,"column":7},"end":{"line":63,"column":null}},"6":{"start":{"line":59,"column":18},"end":{"line":62,"column":6}},"7":{"start":{"line":61,"column":8},"end":{"line":61,"column":null}},"8":{"start":{"line":15,"column":4},"end":{"line":15,"column":41}},"9":{"start":{"line":11,"column":0},"end":{"line":11,"column":13}}},"fnMap":{"0":{"name":"(anonymous_0)","decl":{"start":{"line":14,"column":2},"end":{"line":14,"column":null}},"loc":{"start":{"line":14,"column":2},"end":{"line":16,"column":3}}},"1":{"name":"(anonymous_1)","decl":{"start":{"line":38,"column":19},"end":{"line":38,"column":20}},"loc":{"start":{"line":38,"column":51},"end":{"line":46,"column":3}}},"2":{"name":"(anonymous_2)","decl":{"start":{"line":58,"column":18},"end":{"line":58,"column":19}},"loc":{"start":{"line":58,"column":50},"end":{"line":63,"column":3}}},"3":{"name":"(anonymous_3)","decl":{"start":{"line":60,"column":10},"end":{"line":60,"column":18}},"loc":{"start":{"line":60,"column":21},"end":{"line":62,"column":5}}}},"branchMap":{},"s":{"0":1,"1":1,"2":0,"3":0,"4":0,"5":1,"6":1,"7":0,"8":1,"9":1},"f":{"0":1,"1":0,"2":1,"3":0},"b":{}}
,"C:\\Users\\Support\\source\\repos\\notification-api\\src\\controllers\\endpoints\\announcement.ts": {"path":"C:\\Users\\Support\\source\\repos\\notification-api\\src\\controllers\\endpoints\\announcement.ts","statementMap":{"0":{"start":{"line":1,"column":0},"end":{"line":1,"column":61}},"1":{"start":{"line":2,"column":0},"end":{"line":2,"column":67}},"2":{"start":{"line":4,"column":34},"end":{"line":4,"column":50}},"3":{"start":{"line":5,"column":31},"end":{"line":5,"column":59}},"4":{"start":{"line":7,"column":0},"end":{"line":7,"column":77}},"5":{"start":{"line":9,"column":0},"end":{"line":9,"column":33}}},"fnMap":{},"branchMap":{},"s":{"0":1,"1":1,"2":1,"3":1,"4":1,"5":1},"f":{},"b":{}}
,"C:\\Users\\Support\\source\\repos\\notification-api\\src\\controllers\\endpoints\\user.ts": {"path":"C:\\Users\\Support\\source\\repos\\notification-api\\src\\controllers\\endpoints\\user.ts","statementMap":{"0":{"start":{"line":1,"column":0},"end":{"line":1,"column":61}},"1":{"start":{"line":2,"column":0},"end":{"line":2,"column":51}},"2":{"start":{"line":4,"column":26},"end":{"line":4,"column":42}},"3":{"start":{"line":5,"column":23},"end":{"line":5,"column":43}},"4":{"start":{"line":7,"column":0},"end":{"line":7,"column":50}},"5":{"start":{"line":8,"column":0},"end":{"line":8,"column":51}},"6":{"start":{"line":10,"column":0},"end":{"line":10,"column":25}}},"fnMap":{},"branchMap":{},"s":{"0":1,"1":1,"2":1,"3":1,"4":1,"5":1,"6":1},"f":{},"b":{}}
,"C:\\Users\\Support\\source\\repos\\notification-api\\src\\data\\dbconfig.ts": {"path":"C:\\Users\\Support\\source\\repos\\notification-api\\src\\data\\dbconfig.ts","statementMap":{"0":{"start":{"line":1,"column":0},"end":{"line":1,"column":32}},"1":{"start":{"line":7,"column":4},"end":{"line":7,"column":122}},"2":{"start":{"line":10,"column":4},"end":{"line":10,"column":31}},"3":{"start":{"line":11,"column":4},"end":{"line":11,"column":74}},"4":{"start":{"line":11,"column":54},"end":{"line":11,"column":72}},"5":{"start":{"line":15,"column":0},"end":{"line":15,"column":30}}},"fnMap":{"0":{"name":"(anonymous_8)","decl":{"start":{"line":6,"column":1},"end":{"line":6,"column":null}},"loc":{"start":{"line":6,"column":1},"end":{"line":8,"column":2}}},"1":{"name":"(anonymous_9)","decl":{"start":{"line":9,"column":15},"end":{"line":9,"column":22}},"loc":{"start":{"line":9,"column":22},"end":{"line":12,"column":null}}},"2":{"name":"(anonymous_11)","decl":{"start":{"line":11,"column":36},"end":{"line":11,"column":37}},"loc":{"start":{"line":11,"column":54},"end":{"line":11,"column":72}}}},"branchMap":{},"s":{"0":1,"1":1,"2":1,"3":1,"4":0,"5":1},"f":{"0":1,"1":1,"2":0},"b":{}}
,"C:\\Users\\Support\\source\\repos\\notification-api\\src\\data\\repositories\\userRepository.ts": {"path":"C:\\Users\\Support\\source\\repos\\notification-api\\src\\data\\repositories\\userRepository.ts","statementMap":{"0":{"start":{"line":4,"column":0},"end":{"line":4,"column":46}},"1":{"start":{"line":9,"column":4},"end":{"line":9,"column":31}},"2":{"start":{"line":13,"column":20},"end":{"line":13,"column":44}},"3":{"start":{"line":14,"column":4},"end":{"line":14,"column":26}},"4":{"start":{"line":17,"column":18},"end":{"line":17,"column":40}},"5":{"start":{"line":18,"column":6},"end":{"line":18,"column":19}},"6":{"start":{"line":21,"column":18},"end":{"line":21,"column":57}},"7":{"start":{"line":22,"column":6},"end":{"line":22,"column":19}},"8":{"start":{"line":6,"column":0},"end":{"line":6,"column":13}}},"fnMap":{"0":{"name":"(anonymous_7)","decl":{"start":{"line":8,"column":2},"end":{"line":8,"column":null}},"loc":{"start":{"line":8,"column":2},"end":{"line":10,"column":3}}},"1":{"name":"(anonymous_8)","decl":{"start":{"line":12,"column":15},"end":{"line":12,"column":22}},"loc":{"start":{"line":12,"column":39},"end":{"line":15,"column":null}}},"2":{"name":"(anonymous_10)","decl":{"start":{"line":16,"column":15},"end":{"line":16,"column":23}},"loc":{"start":{"line":16,"column":23},"end":{"line":19,"column":null}}},"3":{"name":"(anonymous_12)","decl":{"start":{"line":20,"column":15},"end":{"line":20,"column":27}},"loc":{"start":{"line":20,"column":45},"end":{"line":23,"column":null}}}},"branchMap":{},"s":{"0":1,"1":3,"2":0,"3":0,"4":1,"5":0,"6":0,"7":0,"8":1},"f":{"0":3,"1":0,"2":1,"3":0},"b":{}}
,"C:\\Users\\Support\\source\\repos\\notification-api\\src\\logger\\logger.ts": {"path":"C:\\Users\\Support\\source\\repos\\notification-api\\src\\logger\\logger.ts","statementMap":{"0":{"start":{"line":1,"column":0},"end":{"line":1,"column":68}},"1":{"start":{"line":3,"column":15},"end":{"line":17,"column":2}},"2":{"start":{"line":19,"column":0},"end":{"line":19,"column":22}}},"fnMap":{},"branchMap":{},"s":{"0":1,"1":1,"2":1},"f":{},"b":{}}
,"C:\\Users\\Support\\source\\repos\\notification-api\\src\\models\\user.ts": {"path":"C:\\Users\\Support\\source\\repos\\notification-api\\src\\models\\user.ts","statementMap":{"0":{"start":{"line":1,"column":0},"end":{"line":1,"column":32}},"1":{"start":{"line":3,"column":19},"end":{"line":7,"column":2}},"2":{"start":{"line":9,"column":13},"end":{"line":9,"column":null}}},"fnMap":{},"branchMap":{},"s":{"0":1,"1":1,"2":1},"f":{},"b":{}}
,"C:\\Users\\Support\\source\\repos\\notification-api\\src\\services\\announcementService.ts": {"path":"C:\\Users\\Support\\source\\repos\\notification-api\\src\\services\\announcementService.ts","statementMap":{"0":{"start":{"line":2,"column":0},"end":{"line":2,"column":44}},"1":{"start":{"line":3,"column":0},"end":{"line":3,"column":43}},"2":{"start":{"line":5,"column":0},"end":{"line":5,"column":36}},"3":{"start":{"line":6,"column":0},"end":{"line":6,"column":24}},"4":{"start":{"line":7,"column":0},"end":{"line":7,"column":38}},"5":{"start":{"line":8,"column":0},"end":{"line":8,"column":47}},"6":{"start":{"line":11,"column":12},"end":{"line":11,"column":21}},"7":{"start":{"line":12,"column":15},"end":{"line":12,"column":32}},"8":{"start":{"line":19,"column":4},"end":{"line":19,"column":28}},"9":{"start":{"line":20,"column":4},"end":{"line":20,"column":41}},"10":{"start":{"line":27,"column":4},"end":{"line":27,"column":46}},"11":{"start":{"line":29,"column":4},"end":{"line":29,"column":30}},"12":{"start":{"line":30,"column":4},"end":{"line":30,"column":30}},"13":{"start":{"line":34,"column":4},"end":{"line":55,"column":null}},"14":{"start":{"line":36,"column":6},"end":{"line":51,"column":null}},"15":{"start":{"line":36,"column":19},"end":{"line":36,"column":20}},"16":{"start":{"line":37,"column":26},"end":{"line":37,"column":57}},"17":{"start":{"line":38,"column":33},"end":{"line":38,"column":54}},"18":{"start":{"line":39,"column":34},"end":{"line":39,"column":58}},"19":{"start":{"line":41,"column":24},"end":{"line":41,"column":55}},"20":{"start":{"line":41,"column":50},"end":{"line":41,"column":54}},"21":{"start":{"line":42,"column":22},"end":{"line":42,"column":66}},"22":{"start":{"line":44,"column":30},"end":{"line":44,"column":54}},"23":{"start":{"line":44,"column":43},"end":{"line":44,"column":53}},"24":{"start":{"line":45,"column":8},"end":{"line":45,"column":47}},"25":{"start":{"line":47,"column":8},"end":{"line":47,"column":77}},"26":{"start":{"line":49,"column":8},"end":{"line":49,"column":null}},"27":{"start":{"line":52,"column":6},"end":{"line":52,"column":null}},"28":{"start":{"line":54,"column":6},"end":{"line":54,"column":26}},"29":{"start":{"line":15,"column":0},"end":{"line":15,"column":13}}},"fnMap":{"0":{"name":"(anonymous_8)","decl":{"start":{"line":18,"column":2},"end":{"line":18,"column":null}},"loc":{"start":{"line":18,"column":2},"end":{"line":21,"column":3}}},"1":{"name":"(anonymous_9)","decl":{"start":{"line":22,"column":9},"end":{"line":22,"column":27}},"loc":{"start":{"line":22,"column":58},"end":{"line":31,"column":3}}},"2":{"name":"(anonymous_10)","decl":{"start":{"line":33,"column":15},"end":{"line":33,"column":33}},"loc":{"start":{"line":33,"column":33},"end":{"line":56,"column":null}}},"3":{"name":"(anonymous_12)","decl":{"start":{"line":41,"column":46},"end":{"line":41,"column":47}},"loc":{"start":{"line":41,"column":50},"end":{"line":41,"column":54}}},"4":{"name":"(anonymous_13)","decl":{"start":{"line":44,"column":40},"end":{"line":44,"column":41}},"loc":{"start":{"line":44,"column":43},"end":{"line":44,"column":53}}}},"branchMap":{},"s":{"0":1,"1":1,"2":1,"3":1,"4":1,"5":1,"6":1,"7":1,"8":1,"9":1,"10":0,"11":0,"12":0,"13":0,"14":0,"15":0,"16":0,"17":0,"18":0,"19":0,"20":0,"21":0,"22":0,"23":0,"24":0,"25":0,"26":0,"27":0,"28":0,"29":1},"f":{"0":1,"1":0,"2":0,"3":0,"4":0},"b":{}}
,"C:\\Users\\Support\\source\\repos\\notification-api\\src\\services\\userService.ts": {"path":"C:\\Users\\Support\\source\\repos\\notification-api\\src\\services\\userService.ts","statementMap":{"0":{"start":{"line":1,"column":0},"end":{"line":1,"column":69}},"1":{"start":{"line":4,"column":0},"end":{"line":4,"column":38}},"2":{"start":{"line":10,"column":4},"end":{"line":10,"column":47}},"3":{"start":{"line":13,"column":4},"end":{"line":20,"column":9}},"4":{"start":{"line":16,"column":8},"end":{"line":16,"column":23}},"5":{"start":{"line":19,"column":8},"end":{"line":19,"column":28}},"6":{"start":{"line":23,"column":4},"end":{"line":35,"column":null}},"7":{"start":{"line":24,"column":20},"end":{"line":24,"column":56}},"8":{"start":{"line":26,"column":23},"end":{"line":30,"column":9}},"9":{"start":{"line":26,"column":53},"end":{"line":30,"column":8}},"10":{"start":{"line":31,"column":6},"end":{"line":31,"column":22}},"11":{"start":{"line":33,"column":6},"end":{"line":33,"column":26}},"12":{"start":{"line":34,"column":6},"end":{"line":34,"column":null}},"13":{"start":{"line":38,"column":4},"end":{"line":49,"column":null}},"14":{"start":{"line":39,"column":20},"end":{"line":39,"column":67}},"15":{"start":{"line":40,"column":23},"end":{"line":44,"column":9}},"16":{"start":{"line":40,"column":53},"end":{"line":44,"column":8}},"17":{"start":{"line":45,"column":6},"end":{"line":45,"column":22}},"18":{"start":{"line":47,"column":6},"end":{"line":47,"column":26}},"19":{"start":{"line":48,"column":6},"end":{"line":48,"column":null}},"20":{"start":{"line":6,"column":0},"end":{"line":6,"column":13}}},"fnMap":{"0":{"name":"(anonymous_8)","decl":{"start":{"line":9,"column":2},"end":{"line":9,"column":null}},"loc":{"start":{"line":9,"column":2},"end":{"line":11,"column":3}}},"1":{"name":"(anonymous_9)","decl":{"start":{"line":12,"column":9},"end":{"line":12,"column":16}},"loc":{"start":{"line":12,"column":33},"end":{"line":21,"column":3}}},"2":{"name":"(anonymous_10)","decl":{"start":{"line":15,"column":12},"end":{"line":15,"column":13}},"loc":{"start":{"line":15,"column":24},"end":{"line":17,"column":7}}},"3":{"name":"(anonymous_11)","decl":{"start":{"line":18,"column":13},"end":{"line":18,"column":14}},"loc":{"start":{"line":18,"column":23},"end":{"line":20,"column":7}}},"4":{"name":"(anonymous_12)","decl":{"start":{"line":22,"column":15},"end":{"line":22,"column":23}},"loc":{"start":{"line":22,"column":23},"end":{"line":36,"column":null}}},"5":{"name":"(anonymous_14)","decl":{"start":{"line":26,"column":33},"end":{"line":26,"column":34}},"loc":{"start":{"line":26,"column":53},"end":{"line":30,"column":8}}},"6":{"name":"(anonymous_15)","decl":{"start":{"line":37,"column":15},"end":{"line":37,"column":27}},"loc":{"start":{"line":37,"column":45},"end":{"line":50,"column":null}}},"7":{"name":"(anonymous_17)","decl":{"start":{"line":40,"column":33},"end":{"line":40,"column":34}},"loc":{"start":{"line":40,"column":53},"end":{"line":44,"column":8}}}},"branchMap":{},"s":{"0":1,"1":1,"2":3,"3":0,"4":0,"5":0,"6":1,"7":1,"8":0,"9":0,"10":0,"11":0,"12":0,"13":0,"14":0,"15":0,"16":0,"17":0,"18":0,"19":0,"20":1},"f":{"0":3,"1":0,"2":0,"3":0,"4":1,"5":0,"6":0,"7":0},"b":{}}
,"C:\\Users\\Support\\source\\repos\\notification-api\\src\\swagger\\swagger.ts": {"path":"C:\\Users\\Support\\source\\repos\\notification-api\\src\\swagger\\swagger.ts","statementMap":{"0":{"start":{"line":1,"column":0},"end":{"line":1,"column":41}},"1":{"start":{"line":5,"column":16},"end":{"line":76,"column":2}},"2":{"start":{"line":78,"column":20},"end":{"line":78,"column":41}},"3":{"start":{"line":80,"column":0},"end":{"line":80,"column":27}}},"fnMap":{},"branchMap":{},"s":{"0":1,"1":1,"2":1,"3":1},"f":{},"b":{}}
,"C:\\Users\\Support\\source\\repos\\notification-api\\src\\utils\\eventType.ts": {"path":"C:\\Users\\Support\\source\\repos\\notification-api\\src\\utils\\eventType.ts","statementMap":{"0":{"start":{"line":1,"column":0},"end":{"line":1,"column":null}},"1":{"start":{"line":2,"column":4},"end":{"line":2,"column":null}},"2":{"start":{"line":3,"column":4},"end":{"line":3,"column":null}}},"fnMap":{"0":{"name":"(anonymous_0)","decl":{"start":{"line":1,"column":0},"end":{"line":1,"column":12}},"loc":{"start":{"line":1,"column":21},"end":{"line":4,"column":1}}}},"branchMap":{"0":{"loc":{"start":{"line":1,"column":12},"end":{"line":1,"column":null}},"type":"binary-expr","locations":[{"start":{"line":1,"column":12},"end":{"line":1,"column":21}},{"start":{"line":1,"column":21},"end":{"line":1,"column":null}}]}},"s":{"0":1,"1":1,"2":1},"f":{"0":1},"b":{"0":[1,1]}}
}
