TN:
SF:src\index.ts
FN:25,connectDb
FN:53,(anonymous_10)
FN:64,(anonymous_11)
FNF:3
FNH:2
FNDA:1,connectDb
FNDA:0,(anonymous_10)
FNDA:1,(anonymous_11)
DA:1,1
DA:2,1
DA:3,1
DA:4,1
DA:6,1
DA:7,1
DA:8,1
DA:9,1
DA:10,1
DA:11,1
DA:14,1
DA:15,1
DA:17,1
DA:21,1
DA:22,1
DA:23,1
DA:26,1
DA:29,1
DA:31,1
DA:53,1
DA:54,0
DA:61,1
DA:63,1
DA:64,1
DA:65,1
DA:67,1
LF:26
LH:25
BRF:0
BRH:0
end_of_record
TN:
SF:src\controllers\announcementController.ts
FN:13,(anonymous_0)
FN:36,(anonymous_1)
FNF:2
FNH:1
FNDA:1,(anonymous_0)
FNDA:0,(anonymous_1)
DA:2,1
DA:10,1
DA:14,1
DA:36,1
DA:37,0
DA:38,0
LF:6
LH:4
BRF:0
BRH:0
end_of_record
TN:
SF:src\controllers\userController.ts
FN:14,(anonymous_0)
FN:38,(anonymous_1)
FN:58,(anonymous_2)
FN:60,(anonymous_3)
FNF:4
FNH:2
FNDA:1,(anonymous_0)
FNDA:0,(anonymous_1)
FNDA:1,(anonymous_2)
FNDA:0,(anonymous_3)
DA:2,1
DA:11,1
DA:15,1
DA:38,1
DA:39,0
DA:41,0
DA:45,0
DA:58,1
DA:59,1
DA:61,0
LF:10
LH:6
BRF:0
BRH:0
end_of_record
TN:
SF:src\controllers\endpoints\announcement.ts
FNF:0
FNH:0
DA:1,1
DA:2,1
DA:4,1
DA:5,1
DA:7,1
DA:9,1
LF:6
LH:6
BRF:0
BRH:0
end_of_record
TN:
SF:src\controllers\endpoints\user.ts
FNF:0
FNH:0
DA:1,1
DA:2,1
DA:4,1
DA:5,1
DA:7,1
DA:8,1
DA:10,1
LF:7
LH:7
BRF:0
BRH:0
end_of_record
TN:
SF:src\data\dbconfig.ts
FN:6,(anonymous_8)
FN:9,(anonymous_9)
FN:11,(anonymous_11)
FNF:3
FNH:2
FNDA:1,(anonymous_8)
FNDA:1,(anonymous_9)
FNDA:0,(anonymous_11)
DA:1,1
DA:7,1
DA:10,1
DA:11,1
DA:15,1
LF:5
LH:5
BRF:0
BRH:0
end_of_record
TN:
SF:src\data\repositories\userRepository.ts
FN:8,(anonymous_7)
FN:12,(anonymous_8)
FN:16,(anonymous_10)
FN:20,(anonymous_12)
FNF:4
FNH:2
FNDA:3,(anonymous_7)
FNDA:0,(anonymous_8)
FNDA:1,(anonymous_10)
FNDA:0,(anonymous_12)
DA:4,1
DA:6,1
DA:9,3
DA:13,0
DA:14,0
DA:17,1
DA:18,0
DA:21,0
DA:22,0
LF:9
LH:4
BRF:0
BRH:0
end_of_record
TN:
SF:src\logger\logger.ts
FNF:0
FNH:0
DA:1,1
DA:3,1
DA:19,1
LF:3
LH:3
BRF:0
BRH:0
end_of_record
TN:
SF:src\models\user.ts
FNF:0
FNH:0
DA:1,1
DA:3,1
DA:9,1
LF:3
LH:3
BRF:0
BRH:0
end_of_record
TN:
SF:src\services\announcementService.ts
FN:18,(anonymous_8)
FN:22,(anonymous_9)
FN:33,(anonymous_10)
FN:41,(anonymous_12)
FN:44,(anonymous_13)
FNF:5
FNH:1
FNDA:1,(anonymous_8)
FNDA:0,(anonymous_9)
FNDA:0,(anonymous_10)
FNDA:0,(anonymous_12)
FNDA:0,(anonymous_13)
DA:2,1
DA:3,1
DA:5,1
DA:6,1
DA:7,1
DA:8,1
DA:11,1
DA:12,1
DA:15,1
DA:19,1
DA:20,1
DA:27,0
DA:29,0
DA:30,0
DA:34,0
DA:36,0
DA:37,0
DA:38,0
DA:39,0
DA:41,0
DA:42,0
DA:44,0
DA:45,0
DA:47,0
DA:49,0
DA:52,0
DA:54,0
LF:27
LH:11
BRF:0
BRH:0
end_of_record
TN:
SF:src\services\userService.ts
FN:9,(anonymous_8)
FN:12,(anonymous_9)
FN:15,(anonymous_10)
FN:18,(anonymous_11)
FN:22,(anonymous_12)
FN:26,(anonymous_14)
FN:37,(anonymous_15)
FN:40,(anonymous_17)
FNF:8
FNH:2
FNDA:3,(anonymous_8)
FNDA:0,(anonymous_9)
FNDA:0,(anonymous_10)
FNDA:0,(anonymous_11)
FNDA:1,(anonymous_12)
FNDA:0,(anonymous_14)
FNDA:0,(anonymous_15)
FNDA:0,(anonymous_17)
DA:1,1
DA:4,1
DA:6,1
DA:10,3
DA:13,0
DA:16,0
DA:19,0
DA:23,1
DA:24,1
DA:26,0
DA:31,0
DA:33,0
DA:34,0
DA:38,0
DA:39,0
DA:40,0
DA:45,0
DA:47,0
DA:48,0
LF:19
LH:6
BRF:0
BRH:0
end_of_record
TN:
SF:src\swagger\swagger.ts
FNF:0
FNH:0
DA:1,1
DA:5,1
DA:78,1
DA:80,1
LF:4
LH:4
BRF:0
BRH:0
end_of_record
TN:
SF:src\utils\eventType.ts
FN:1,(anonymous_0)
FNF:1
FNH:1
FNDA:1,(anonymous_0)
DA:1,1
DA:2,1
DA:3,1
LF:3
LH:3
BRDA:1,0,0,1
BRDA:1,0,1,1
BRF:2
BRH:2
end_of_record
